
> modernvista-frontend@0.1.0 dev
> vite

Port 3000 is in use, trying another one...
Port 3001 is in use, trying another one...

  VITE v7.1.8  ready in 75 ms

  ➜  Local:   http://localhost:3002/
  ➜  Network: http://192.168.50.2:3002/
  ➜  Network: http://192.168.0.102:3002/
  ➜  Network: http://172.19.0.1:3002/
  ➜  Network: http://172.21.0.1:3002/
  ➜  press h + enter to show help
node:events:497
      throw er; // Unhandled 'error' event
      ^

Error: read EIO
    at TTY.onStreamRead (node:internal/stream_base_commons:216:20)
Emitted 'error' event on Interface instance at:
    at ReadStream.onerror (node:internal/readline/interface:246:10)
    at ReadStream.emit (node:events:519:28)
    at emitErrorNT (node:internal/streams/destroy:170:8)
    at emitErrorCloseNT (node:internal/streams/destroy:129:3)
    at process.processTicksAndRejections (node:internal/process/task_queues:90:21) {
  errno: -5,
  code: 'EIO',
  syscall: 'read'
}

Node.js v22.20.0
